  Game.cpp
  arm-none-eabi-g++ -MMD -MP -MF /d/Homebrews/3DS/Anim3DS/Anim3DS/Anim3DS/build/Game.d -g -Wall -O2 -mword-relocations -fomit-frame-pointer -ffunction-sections -march=armv6k -mtune=mpcore -mfloat-abi=hard -mtp=soft -I/d/Homebrews/3DS/Anim3DS/Anim3DS/Anim3DS/include -I/c/devkitPro/libctru/include -I/c/devkitPro/portlibs/armv6k/include -I/c/devkitPro/portlibs/3ds/include -I/d/Homebrews/3DS/Anim3DS/Anim3DS/Anim3DS/build -DARM11 -D_3DS -fno-rtti -fno-exceptions -std=gnu++11 -c /d/Homebrews/3DS/Anim3DS/Anim3DS/Anim3DS/source/Game.cpp -o Game.o 
  d:/Homebrews/3DS/Anim3DS/Anim3DS/Anim3DS/source/Game.cpp: In member function 'Result GameScreen::http_download(const char*)':
d:/Homebrews/3DS/Anim3DS/Anim3DS/Anim3DS/source/Game.cpp(36,6): warning G7C671A4C: unused variable 'framebuf_top' [-Wunused-variable]
    u8* framebuf_top;
        ^~~~~~~~~~~~
  d:/Homebrews/3DS/Anim3DS/Anim3DS/Anim3DS/source/Game.cpp: In destructor 'GameScreen::~GameScreen()':
d:/Homebrews/3DS/Anim3DS/Anim3DS/Anim3DS/source/Game.cpp(198,9): warning G90E9E4C3: possible problem detected in invocation of delete operator: [-Wdelete-incomplete]
    delete font;
           ^~~~
d:/Homebrews/3DS/Anim3DS/Anim3DS/Anim3DS/source/Game.cpp(198,9): warning G1DA8B262: invalid use of incomplete type 'struct sftd_font'
  In file included from d:/Homebrews/3DS/Anim3DS/Anim3DS/Anim3DS/source/Game.h:24:0,
                   from d:/Homebrews/3DS/Anim3DS/Anim3DS/Anim3DS/source/Game.cpp:1:
  c:/devkitPro/libctru/include/sftd.h:22:16: note: forward declaration of 'struct sftd_font'
   typedef struct sftd_font sftd_font;
                  ^~~~~~~~~
  d:/Homebrews/3DS/Anim3DS/Anim3DS/Anim3DS/source/Game.cpp:198:9: note: neither the destructor nor the class-specific operator delete will be called, even if they are declared when the class is defined
    delete font;
           ^~~~
  d:/Homebrews/3DS/Anim3DS/Anim3DS/Anim3DS/source/Game.cpp: At global scope:
d:/Homebrews/3DS/Anim3DS/Anim3DS/Anim3DS/source/Game.cpp(13,28): warning G9B980F03: 'SwkbdCallbackResult MyCallback(void*, const char**, const char*, size_t)' defined but not used [-Wunused-function]
   static SwkbdCallbackResult MyCallback(void* user, const char** ppMessage, const char* text, size_t textlen)
                              ^~~~~~~~~~
  SceneManager.cpp
  arm-none-eabi-g++ -MMD -MP -MF /d/Homebrews/3DS/Anim3DS/Anim3DS/Anim3DS/build/SceneManager.d -g -Wall -O2 -mword-relocations -fomit-frame-pointer -ffunction-sections -march=armv6k -mtune=mpcore -mfloat-abi=hard -mtp=soft -I/d/Homebrews/3DS/Anim3DS/Anim3DS/Anim3DS/include -I/c/devkitPro/libctru/include -I/c/devkitPro/portlibs/armv6k/include -I/c/devkitPro/portlibs/3ds/include -I/d/Homebrews/3DS/Anim3DS/Anim3DS/Anim3DS/build -DARM11 -D_3DS -fno-rtti -fno-exceptions -std=gnu++11 -c /d/Homebrews/3DS/Anim3DS/Anim3DS/Anim3DS/source/SceneManager.cpp -o SceneManager.o 
  d:/Homebrews/3DS/Anim3DS/Anim3DS/Anim3DS/source/SceneManager.cpp: In member function 'void SceneManager::setActualScene(SceneManager::SCENES)':
d:/Homebrews/3DS/Anim3DS/Anim3DS/Anim3DS/source/SceneManager.cpp(51,23): warning GEC9AB9D8: deleting object of polymorphic class type 'Scene' which has non-virtual destructor might cause undefined behavior [-Wdelete-non-virtual-dtor]
    delete (m_actualScene);
                         ^
  SplashScreen.cpp
  arm-none-eabi-g++ -MMD -MP -MF /d/Homebrews/3DS/Anim3DS/Anim3DS/Anim3DS/build/SplashScreen.d -g -Wall -O2 -mword-relocations -fomit-frame-pointer -ffunction-sections -march=armv6k -mtune=mpcore -mfloat-abi=hard -mtp=soft -I/d/Homebrews/3DS/Anim3DS/Anim3DS/Anim3DS/include -I/c/devkitPro/libctru/include -I/c/devkitPro/portlibs/armv6k/include -I/c/devkitPro/portlibs/3ds/include -I/d/Homebrews/3DS/Anim3DS/Anim3DS/Anim3DS/build -DARM11 -D_3DS -fno-rtti -fno-exceptions -std=gnu++11 -c /d/Homebrews/3DS/Anim3DS/Anim3DS/Anim3DS/source/SplashScreen.cpp -o SplashScreen.o 
  main.cpp
  arm-none-eabi-g++ -MMD -MP -MF /d/Homebrews/3DS/Anim3DS/Anim3DS/Anim3DS/build/main.d -g -Wall -O2 -mword-relocations -fomit-frame-pointer -ffunction-sections -march=armv6k -mtune=mpcore -mfloat-abi=hard -mtp=soft -I/d/Homebrews/3DS/Anim3DS/Anim3DS/Anim3DS/include -I/c/devkitPro/libctru/include -I/c/devkitPro/portlibs/armv6k/include -I/c/devkitPro/portlibs/3ds/include -I/d/Homebrews/3DS/Anim3DS/Anim3DS/Anim3DS/build -DARM11 -D_3DS -fno-rtti -fno-exceptions -std=gnu++11 -c /d/Homebrews/3DS/Anim3DS/Anim3DS/Anim3DS/source/main.cpp -o main.o 
d:/Homebrews/3DS/Anim3DS/Anim3DS/Anim3DS/source/main.cpp(1,9): warning G22EB126D: #pragma once in main file
   #pragma once
           ^~~~
  linking Anim3DS.elf
  built ... Anim3DS.3dsx
